build/app/intermediates/manifest_merge_blame_file/release/manifest-merger-blame-release-report.txt
1<?xml version="1.0" encoding="utf-8"?>
2<manifest xmlns:android="http://schemas.android.com/apk/res/android"
3    package="com.example.flutter_note_taker"
4    android:versionCode="1"
5    android:versionName="1.0.0" >
6
7    <uses-sdk
8        android:minSdkVersion="21"
8-->src\main\AndroidManifest.xml
9        android:targetSdkVersion="33" />
9-->src\main\AndroidManifest.xml
10
11    <uses-permission android:name="android.permission.INTERNET" />
11-->src\main\AndroidManifest.xml:33:5-67
11-->src\main\AndroidManifest.xml:33:22-64
12
13    <!-- Although the *SdkVersion is captured in gradle build files, this is required for non gradle builds -->
14    <!-- <uses-sdk android:minSdkVersion="14" /> -->
15    <uses-permission android:name="android.permission.ACCESS_NETWORK_STATE" />
15-->[com.google.firebase:firebase-firestore:24.8.1] AndroidManifest.xml:10:5-79
15-->[com.google.firebase:firebase-firestore:24.8.1] AndroidManifest.xml:10:22-76
16
17    <application
18        android:name="io.flutter.app.FlutterMultiDexApplication"
18-->src\main\AndroidManifest.xml:4:9-42
19        android:appComponentFactory="androidx.core.app.CoreComponentFactory"
19-->[androidx.core:core:1.6.0] AndroidManifest.xml:24:18-86
20        android:icon="@mipmap/ic_launcher"
20-->src\main\AndroidManifest.xml:5:9-43
21        android:label="flutter_note_taker" >
21-->src\main\AndroidManifest.xml:3:9-43
22        <activity
22-->src\main\AndroidManifest.xml:6:9-26:20
23            android:name="com.example.flutter_note_taker.MainActivity"
23-->src\main\AndroidManifest.xml:7:13-41
24            android:configChanges="orientation|keyboardHidden|keyboard|screenSize|smallestScreenSize|locale|layoutDirection|fontScale|screenLayout|density|uiMode"
24-->src\main\AndroidManifest.xml:11:13-163
25            android:exported="true"
25-->src\main\AndroidManifest.xml:8:13-36
26            android:hardwareAccelerated="true"
26-->src\main\AndroidManifest.xml:12:13-47
27            android:launchMode="singleTop"
27-->src\main\AndroidManifest.xml:9:13-43
28            android:theme="@style/LaunchTheme"
28-->src\main\AndroidManifest.xml:10:13-47
29            android:windowSoftInputMode="adjustResize" >
29-->src\main\AndroidManifest.xml:13:13-55
30
31            <!--
32                 Specifies an Android theme to apply to this Activity as soon as
33                 the Android process has started. This theme is visible to the user
34                 while the Flutter UI initializes. After that, this theme continues
35                 to determine the Window background behind the Flutter UI.
36            -->
37            <meta-data
37-->src\main\AndroidManifest.xml:18:13-21:17
38                android:name="io.flutter.embedding.android.NormalTheme"
38-->src\main\AndroidManifest.xml:19:15-70
39                android:resource="@style/NormalTheme" />
39-->src\main\AndroidManifest.xml:20:15-52
40
41            <intent-filter>
41-->src\main\AndroidManifest.xml:22:13-25:29
42                <action android:name="android.intent.action.MAIN" />
42-->src\main\AndroidManifest.xml:23:17-68
42-->src\main\AndroidManifest.xml:23:25-66
43
44                <category android:name="android.intent.category.LAUNCHER" />
44-->src\main\AndroidManifest.xml:24:17-76
44-->src\main\AndroidManifest.xml:24:27-74
45            </intent-filter>
46        </activity>
47        <!--
48             Don't delete the meta-data below.
49             This is used by the Flutter tool to generate GeneratedPluginRegistrant.java
50        -->
51        <meta-data
51-->src\main\AndroidManifest.xml:29:9-31:33
52            android:name="flutterEmbedding"
52-->src\main\AndroidManifest.xml:30:13-44
53            android:value="2" />
53-->src\main\AndroidManifest.xml:31:13-30
54
55        <service
55-->[:cloud_firestore] AndroidManifest.xml:10:9-14:19
56            android:name="com.google.firebase.components.ComponentDiscoveryService"
56-->[:cloud_firestore] AndroidManifest.xml:10:18-89
57            android:directBootAware="true"
57-->[com.google.firebase:firebase-common:20.3.3] AndroidManifest.xml:34:13-43
58            android:exported="false" >
58-->[com.google.firebase:firebase-firestore:24.8.1] AndroidManifest.xml:16:13-37
59            <meta-data
59-->[:cloud_firestore] AndroidManifest.xml:11:13-13:85
60                android:name="com.google.firebase.components:io.flutter.plugins.firebase.firestore.FlutterFirebaseFirestoreRegistrar"
60-->[:cloud_firestore] AndroidManifest.xml:12:17-134
61                android:value="com.google.firebase.components.ComponentRegistrar" />
61-->[:cloud_firestore] AndroidManifest.xml:13:17-82
62            <meta-data
62-->[:firebase_core] AndroidManifest.xml:11:13-13:85
63                android:name="com.google.firebase.components:io.flutter.plugins.firebase.core.FlutterFirebaseCoreRegistrar"
63-->[:firebase_core] AndroidManifest.xml:12:17-124
64                android:value="com.google.firebase.components.ComponentRegistrar" />
64-->[:firebase_core] AndroidManifest.xml:13:17-82
65            <meta-data
65-->[com.google.firebase:firebase-firestore:24.8.1] AndroidManifest.xml:17:13-19:85
66                android:name="com.google.firebase.components:com.google.firebase.firestore.FirestoreRegistrar"
66-->[com.google.firebase:firebase-firestore:24.8.1] AndroidManifest.xml:18:17-111
67                android:value="com.google.firebase.components.ComponentRegistrar" />
67-->[com.google.firebase:firebase-firestore:24.8.1] AndroidManifest.xml:19:17-82
68        </service>
69
70        <uses-library
70-->[androidx.window:window:1.0.0-beta04] AndroidManifest.xml:25:9-27:40
71            android:name="androidx.window.extensions"
71-->[androidx.window:window:1.0.0-beta04] AndroidManifest.xml:26:13-54
72            android:required="false" />
72-->[androidx.window:window:1.0.0-beta04] AndroidManifest.xml:27:13-37
73        <uses-library
73-->[androidx.window:window:1.0.0-beta04] AndroidManifest.xml:28:9-30:40
74            android:name="androidx.window.sidecar"
74-->[androidx.window:window:1.0.0-beta04] AndroidManifest.xml:29:13-51
75            android:required="false" />
75-->[androidx.window:window:1.0.0-beta04] AndroidManifest.xml:30:13-37
76
77        <provider
77-->[com.google.firebase:firebase-common:20.3.3] AndroidManifest.xml:25:9-30:39
78            android:name="com.google.firebase.provider.FirebaseInitProvider"
78-->[com.google.firebase:firebase-common:20.3.3] AndroidManifest.xml:26:13-77
79            android:authorities="com.example.flutter_note_taker.firebaseinitprovider"
79-->[com.google.firebase:firebase-common:20.3.3] AndroidManifest.xml:27:13-72
80            android:directBootAware="true"
80-->[com.google.firebase:firebase-common:20.3.3] AndroidManifest.xml:28:13-43
81            android:exported="false"
81-->[com.google.firebase:firebase-common:20.3.3] AndroidManifest.xml:29:13-37
82            android:initOrder="100" />
82-->[com.google.firebase:firebase-common:20.3.3] AndroidManifest.xml:30:13-36
83
84        <activity
84-->[com.google.android.gms:play-services-base:18.0.1] AndroidManifest.xml:20:9-22:45
85            android:name="com.google.android.gms.common.api.GoogleApiActivity"
85-->[com.google.android.gms:play-services-base:18.0.1] AndroidManifest.xml:20:19-85
86            android:exported="false"
86-->[com.google.android.gms:play-services-base:18.0.1] AndroidManifest.xml:22:19-43
87            android:theme="@android:style/Theme.Translucent.NoTitleBar" />
87-->[com.google.android.gms:play-services-base:18.0.1] AndroidManifest.xml:21:19-78
88
89        <meta-data
89-->[com.google.android.gms:play-services-basement:18.1.0] AndroidManifest.xml:21:9-23:69
90            android:name="com.google.android.gms.version"
90-->[com.google.android.gms:play-services-basement:18.1.0] AndroidManifest.xml:22:13-58
91            android:value="@integer/google_play_services_version" />
91-->[com.google.android.gms:play-services-basement:18.1.0] AndroidManifest.xml:23:13-66
92    </application>
93
94</manifest>